0 verbose cli /opt/homebrew/Cellar/node/25.4.0/bin/node /opt/homebrew/bin/npm
1 info using npm@11.7.0
2 info using node@v25.4.0
3 silly config load:file:/opt/homebrew/lib/node_modules/npm/npmrc
4 warn Unknown env config "devdir". This will stop working in the next major version of npm.
5 silly config load:file:/Users/renquan.11/theNewJob/karios-mobile/kairos-mobile/.npmrc
6 silly config load:file:/Users/renquan.11/.npmrc
7 silly config load:file:/opt/homebrew/etc/npmrc
8 verbose title npm install react@19.2.3 react-native@0.85.3
9 verbose argv "install" "react@19.2.3" "react-native@0.85.3" "--no-audit"
10 verbose logfile logs-max:10 dir:/Users/renquan.11/theNewJob/karios-mobile/kairos-mobile/.npm-cache/_logs/2026-05-18T11_09_12_280Z-
11 verbose logfile /Users/renquan.11/theNewJob/karios-mobile/kairos-mobile/.npm-cache/_logs/2026-05-18T11_09_12_280Z-debug-0.log
12 silly logfile done cleaning log files
13 silly packumentCache heap:4496293888 maxSize:1124073472 maxEntrySize:562036736
14 silly idealTree buildDeps
15 silly fetch manifest @invertase/react-native-apple-authentication@^2.4.1
16 silly packumentCache full:https://registry.npmjs.org/@invertase%2freact-native-apple-authentication cache-miss
17 http fetch GET 200 https://registry.npmjs.org/@invertase%2freact-native-apple-authentication 1486ms (cache miss)
18 silly packumentCache full:https://registry.npmjs.org/@invertase%2freact-native-apple-authentication set size:undefined disposed:false
19 silly fetch manifest @react-native-async-storage/async-storage@^2.2.0
20 silly packumentCache full:https://registry.npmjs.org/@react-native-async-storage%2fasync-storage cache-miss
21 http fetch GET 200 https://registry.npmjs.org/@react-native-async-storage%2fasync-storage 321ms (cache miss)
22 silly packumentCache full:https://registry.npmjs.org/@react-native-async-storage%2fasync-storage set size:undefined disposed:false
23 silly fetch manifest react-native@0.85.3
24 silly packumentCache full:https://registry.npmjs.org/react-native cache-miss
25 http fetch GET 200 https://registry.npmjs.org/react-native 669ms (cache miss)
26 silly packumentCache full:https://registry.npmjs.org/react-native set size:undefined disposed:false
27 silly fetch manifest @react-native/jest-preset@0.85.3
28 silly packumentCache full:https://registry.npmjs.org/@react-native%2fjest-preset cache-miss
29 http fetch GET 200 https://registry.npmjs.org/@react-native%2fjest-preset 362ms (cache miss)
30 silly packumentCache full:https://registry.npmjs.org/@react-native%2fjest-preset set size:undefined disposed:false
31 silly fetch manifest react@19.2.3
32 silly packumentCache full:https://registry.npmjs.org/react cache-miss
33 http fetch GET 200 https://registry.npmjs.org/react 611ms (cache miss)
34 silly packumentCache full:https://registry.npmjs.org/react set size:undefined disposed:false
35 silly fetch manifest @types/react@^19.2.0
36 silly packumentCache full:https://registry.npmjs.org/@types%2freact cache-miss
37 http fetch GET 200 https://registry.npmjs.org/@types%2freact 407ms (cache miss)
38 silly packumentCache full:https://registry.npmjs.org/@types%2freact set size:undefined disposed:false
39 silly fetch manifest @react-navigation/bottom-tabs@^7.3.10
40 silly packumentCache full:https://registry.npmjs.org/@react-navigation%2fbottom-tabs cache-miss
41 http fetch GET 200 https://registry.npmjs.org/@react-navigation%2fbottom-tabs 299ms (cache miss)
42 silly packumentCache full:https://registry.npmjs.org/@react-navigation%2fbottom-tabs set size:undefined disposed:false
43 silly fetch manifest @react-navigation/native@^7.1.6
44 silly packumentCache full:https://registry.npmjs.org/@react-navigation%2fnative cache-miss
45 http fetch GET 200 https://registry.npmjs.org/@react-navigation%2fnative 325ms (cache miss)
46 silly packumentCache full:https://registry.npmjs.org/@react-navigation%2fnative set size:undefined disposed:false
47 silly fetch manifest react-native-safe-area-context@^5.5.2
48 silly packumentCache full:https://registry.npmjs.org/react-native-safe-area-context cache-miss
49 http fetch GET 200 https://registry.npmjs.org/react-native-safe-area-context 250ms (cache miss)
50 silly packumentCache full:https://registry.npmjs.org/react-native-safe-area-context set size:undefined disposed:false
51 silly fetch manifest react-native-screens@^4.10.0
52 silly packumentCache full:https://registry.npmjs.org/react-native-screens cache-miss
53 http fetch GET 200 https://registry.npmjs.org/react-native-screens 282ms (cache miss)
54 silly packumentCache full:https://registry.npmjs.org/react-native-screens set size:undefined disposed:false
55 silly fetch manifest @react-navigation/native-stack@^7.3.10
56 silly packumentCache full:https://registry.npmjs.org/@react-navigation%2fnative-stack cache-miss
57 http fetch GET 200 https://registry.npmjs.org/npm 5304ms
58 http fetch GET 200 https://registry.npmjs.org/@react-navigation%2fnative-stack 408ms (cache miss)
59 silly packumentCache full:https://registry.npmjs.org/@react-navigation%2fnative-stack set size:undefined disposed:false
60 silly fetch manifest @react-native/new-app-screen@0.85.3
61 silly packumentCache full:https://registry.npmjs.org/@react-native%2fnew-app-screen cache-miss
62 http fetch GET 200 https://registry.npmjs.org/@react-native%2fnew-app-screen 3649ms (cache miss)
63 silly packumentCache full:https://registry.npmjs.org/@react-native%2fnew-app-screen set size:undefined disposed:false
64 silly fetch manifest @tanstack/react-query@^5.74.4
65 silly packumentCache full:https://registry.npmjs.org/@tanstack%2freact-query cache-miss
66 http fetch GET 200 https://registry.npmjs.org/@tanstack%2freact-query 282ms (cache miss)
67 silly packumentCache full:https://registry.npmjs.org/@tanstack%2freact-query set size:undefined disposed:false
68 silly fetch manifest axios@^1.9.0
69 silly packumentCache full:https://registry.npmjs.org/axios cache-miss
70 http fetch GET 200 https://registry.npmjs.org/axios 1810ms (cache miss)
71 silly packumentCache full:https://registry.npmjs.org/axios set size:undefined disposed:false
72 silly fetch manifest react-native-gesture-handler@^2.25.0
73 silly packumentCache full:https://registry.npmjs.org/react-native-gesture-handler cache-miss
74 http fetch GET 200 https://registry.npmjs.org/react-native-gesture-handler 251ms (cache miss)
75 silly packumentCache full:https://registry.npmjs.org/react-native-gesture-handler set size:undefined disposed:false
76 silly fetch manifest zustand@^5.0.4
77 silly packumentCache full:https://registry.npmjs.org/zustand cache-miss
78 http fetch GET 200 https://registry.npmjs.org/zustand 4245ms (cache miss)
79 silly packumentCache full:https://registry.npmjs.org/zustand set size:undefined disposed:false
80 silly fetch manifest immer@>=9.0.6
81 silly packumentCache full:https://registry.npmjs.org/immer cache-miss
82 http fetch GET 200 https://registry.npmjs.org/immer 280ms (cache miss)
83 silly packumentCache full:https://registry.npmjs.org/immer set size:undefined disposed:false
84 silly fetch manifest use-sync-external-store@>=1.2.0
85 silly packumentCache full:https://registry.npmjs.org/use-sync-external-store cache-miss
86 http fetch GET 200 https://registry.npmjs.org/use-sync-external-store 61336ms (cache miss)
87 silly packumentCache full:https://registry.npmjs.org/use-sync-external-store set size:undefined disposed:false
88 silly fetch manifest @babel/core@^7.25.2
89 silly packumentCache full:https://registry.npmjs.org/@babel%2fcore cache-miss
90 http fetch GET 200 https://registry.npmjs.org/@babel%2fcore 268ms (cache miss)
91 silly packumentCache full:https://registry.npmjs.org/@babel%2fcore set size:undefined disposed:false
92 silly fetch manifest @babel/preset-env@^7.25.3
93 silly packumentCache full:https://registry.npmjs.org/@babel%2fpreset-env cache-miss
94 http fetch GET 200 https://registry.npmjs.org/@babel%2fpreset-env 30998ms (cache miss)
95 silly packumentCache full:https://registry.npmjs.org/@babel%2fpreset-env set size:undefined disposed:false
96 silly fetch manifest @babel/runtime@^7.25.0
97 silly packumentCache full:https://registry.npmjs.org/@babel%2fruntime cache-miss
98 http fetch GET 200 https://registry.npmjs.org/@babel%2fruntime 357ms (cache miss)
99 silly packumentCache full:https://registry.npmjs.org/@babel%2fruntime set size:undefined disposed:false
100 silly fetch manifest @react-native-community/cli@20.1.0
101 silly packumentCache full:https://registry.npmjs.org/@react-native-community%2fcli cache-miss
102 http fetch GET 200 https://registry.npmjs.org/@react-native-community%2fcli 74052ms (cache miss)
103 silly packumentCache full:https://registry.npmjs.org/@react-native-community%2fcli set size:undefined disposed:false
104 silly fetch manifest @react-native-community/cli-platform-android@20.1.0
105 silly packumentCache full:https://registry.npmjs.org/@react-native-community%2fcli-platform-android cache-miss
106 http fetch GET 200 https://registry.npmjs.org/@react-native-community%2fcli-platform-android 517ms (cache miss)
107 silly packumentCache full:https://registry.npmjs.org/@react-native-community%2fcli-platform-android set size:undefined disposed:false
108 silly fetch manifest @react-native-community/cli-platform-ios@20.1.0
109 silly packumentCache full:https://registry.npmjs.org/@react-native-community%2fcli-platform-ios cache-miss
110 http fetch GET 200 https://registry.npmjs.org/@react-native-community%2fcli-platform-ios 66742ms (cache miss)
111 silly packumentCache full:https://registry.npmjs.org/@react-native-community%2fcli-platform-ios set size:undefined disposed:false
112 silly fetch manifest @react-native/babel-preset@0.85.3
113 silly packumentCache full:https://registry.npmjs.org/@react-native%2fbabel-preset cache-miss
114 http fetch GET 200 https://registry.npmjs.org/@react-native%2fbabel-preset 355ms (cache miss)
115 silly packumentCache full:https://registry.npmjs.org/@react-native%2fbabel-preset set size:undefined disposed:false
116 silly fetch manifest @react-native/eslint-config@0.85.3
117 silly packumentCache full:https://registry.npmjs.org/@react-native%2feslint-config cache-miss
118 http fetch GET 200 https://registry.npmjs.org/@react-native%2feslint-config 193701ms (cache miss)
119 silly packumentCache full:https://registry.npmjs.org/@react-native%2feslint-config set size:undefined disposed:false
120 silly fetch manifest eslint@^8.19.0
121 silly packumentCache full:https://registry.npmjs.org/eslint cache-miss
122 http fetch GET 200 https://registry.npmjs.org/eslint 313ms (cache miss)
123 silly packumentCache full:https://registry.npmjs.org/eslint set size:undefined disposed:false
124 silly fetch manifest prettier@2.8.8
125 silly packumentCache full:https://registry.npmjs.org/prettier cache-miss
126 http fetch GET 200 https://registry.npmjs.org/prettier 43544ms (cache miss)
127 silly packumentCache full:https://registry.npmjs.org/prettier set size:undefined disposed:false
128 silly fetch manifest @react-native/metro-config@0.85.3
129 silly packumentCache full:https://registry.npmjs.org/@react-native%2fmetro-config cache-miss
130 http fetch GET 200 https://registry.npmjs.org/@react-native%2fmetro-config 317ms (cache miss)
131 silly packumentCache full:https://registry.npmjs.org/@react-native%2fmetro-config set size:undefined disposed:false
132 silly fetch manifest @react-native/typescript-config@0.85.3
133 silly packumentCache full:https://registry.npmjs.org/@react-native%2ftypescript-config cache-miss
134 http fetch GET 200 https://registry.npmjs.org/@react-native%2ftypescript-config 83945ms (cache miss)
135 silly packumentCache full:https://registry.npmjs.org/@react-native%2ftypescript-config set size:undefined disposed:false
136 silly fetch manifest @types/jest@^29.5.13
137 silly packumentCache full:https://registry.npmjs.org/@types%2fjest cache-miss
138 http fetch GET 200 https://registry.npmjs.org/@types%2fjest 255ms (cache miss)
139 silly packumentCache full:https://registry.npmjs.org/@types%2fjest set size:undefined disposed:false
140 silly fetch manifest @types/react-test-renderer@^19.1.0
141 silly packumentCache full:https://registry.npmjs.org/@types%2freact-test-renderer cache-miss
142 http fetch GET 200 https://registry.npmjs.org/@types%2freact-test-renderer 14505ms (cache miss)
143 silly packumentCache full:https://registry.npmjs.org/@types%2freact-test-renderer set size:undefined disposed:false
144 silly fetch manifest jest@^29.6.3
145 silly packumentCache full:https://registry.npmjs.org/jest cache-miss
146 http fetch GET 200 https://registry.npmjs.org/jest 257ms (cache miss)
147 silly packumentCache full:https://registry.npmjs.org/jest set size:undefined disposed:false
148 silly fetch manifest node-notifier@^8.0.1 || ^9.0.0 || ^10.0.0
149 silly packumentCache full:https://registry.npmjs.org/node-notifier cache-miss
150 http fetch GET 200 https://registry.npmjs.org/node-notifier 16702ms (cache miss)
151 silly packumentCache full:https://registry.npmjs.org/node-notifier set size:undefined disposed:false
152 silly fetch manifest react-test-renderer@19.2.3
153 silly packumentCache full:https://registry.npmjs.org/react-test-renderer cache-miss
154 http fetch GET 200 https://registry.npmjs.org/react-test-renderer 490ms (cache miss)
155 silly packumentCache full:https://registry.npmjs.org/react-test-renderer set size:undefined disposed:false
156 silly fetch manifest typescript@^5.8.3
157 silly packumentCache full:https://registry.npmjs.org/typescript cache-miss
